==2099== Cachegrind, a cache and branch-prediction profiler
==2099== Copyright (C) 2002-2017, and GNU GPL'd, by Nicholas Nethercote et al.
==2099== Using Valgrind-3.15.0 and LibVEX; rerun with -h for copyright info
==2099== Command: ./demo
==2099== Parent PID: 1985
==2099== 
--2099-- warning: L3 cache found, using its data for the LL simulation.
==2099== 
==2099== I   refs:      198,044
==2099== I1  misses:        996
==2099== LLi misses:        976
==2099== I1  miss rate:    0.50%
==2099== LLi miss rate:    0.49%
==2099== 
==2099== D   refs:       58,796  (46,191 rd   + 12,605 wr)
==2099== D1  misses:      3,125  ( 2,485 rd   +    640 wr)
==2099== LLd misses:      2,660  ( 2,066 rd   +    594 wr)
==2099== D1  miss rate:     5.3% (   5.4%     +    5.1%  )
==2099== LLd miss rate:     4.5% (   4.5%     +    4.7%  )
==2099== 
==2099== LL refs:         4,121  ( 3,481 rd   +    640 wr)
==2099== LL misses:       3,636  ( 3,042 rd   +    594 wr)
==2099== LL miss rate:      1.4% (   1.2%     +    4.7%  )
==2099== 
==2099== Branches:       40,570  (40,240 cond +    330 ind)
==2099== Mispredicts:     4,667  ( 4,522 cond +    145 ind)
==2099== Mispred rate:     11.5% (  11.2%     +   43.9%   )
